<?xml version="1.0" encoding="UTF-8"?>
<!-- Generated by org.testng.reporters.JUnitReportReporter -->
<testsuite skipped="0" hostname="DESKTOP-KB8GQKO" name="AcademyProject.BaseClass" tests="1" failures="0" timestamp="01 Mar 2018 00:55:03 GMT" time="5.851" errors="0">
  <testcase name="Base" time="5.851" classname="AcademyProject.BaseClass"/>
</testsuite> <!-- AcademyProject.BaseClass -->
